<?xml version="1.0" encoding="UTF-8"?>
<testng-results ignored="0" total="2" passed="2" failed="0" skipped="0">
  <reporter-output>
  </reporter-output>
  <suite started-at="2022-08-11T16:22:53 EDT" name="Default suite" finished-at="2022-08-11T16:23:05 EDT" duration-ms="11966">
    <groups>
    </groups>
    <test started-at="2022-08-11T16:22:53 EDT" name="Default test" finished-at="2022-08-11T16:23:05 EDT" duration-ms="11966">
      <class name="tests.RegistrationTestDtPvd">
        <test-method signature="flightReg(java.lang.String,java.lang.String,java.lang.String,java.lang.String,java.lang.String,java.lang.String,java.lang.String,java.lang.String,java.lang.String,java.lang.String,java.lang.String,java.lang.String)[pri:0, instance:tests.RegistrationTestDtPvd@2ea41516]" started-at="2022-08-11T16:22:54 EDT" name="flightReg" data-provider="dp" finished-at="2022-08-11T16:23:00 EDT" duration-ms="6081" status="PASS">
          <params>
            <param index="0">
              <value>
                <![CDATA[pranati]]>
              </value>
            </param>
            <param index="1">
              <value>
                <![CDATA[kumar]]>
              </value>
            </param>
            <param index="2">
              <value>
                <![CDATA[111-222-3333]]>
              </value>
            </param>
            <param index="3">
              <value>
                <![CDATA[pranati@gmail.com]]>
              </value>
            </param>
            <param index="4">
              <value>
                <![CDATA[nizampet]]>
              </value>
            </param>
            <param index="5">
              <value>
                <![CDATA[old city]]>
              </value>
            </param>
            <param index="6">
              <value>
                <![CDATA[Ap]]>
              </value>
            </param>
            <param index="7">
              <value>
                <![CDATA[56678]]>
              </value>
            </param>
            <param index="8">
              <value>
                <![CDATA[INDIA]]>
              </value>
            </param>
            <param index="9">
              <value>
                <![CDATA[pranati]]>
              </value>
            </param>
            <param index="10">
              <value>
                <![CDATA[pranati]]>
              </value>
            </param>
            <param index="11">
              <value>
                <![CDATA[pranati]]>
              </value>
            </param>
          </params>
          <reporter-output>
          </reporter-output>
        </test-method> <!-- flightReg -->
        <test-method signature="flightReg(java.lang.String,java.lang.String,java.lang.String,java.lang.String,java.lang.String,java.lang.String,java.lang.String,java.lang.String,java.lang.String,java.lang.String,java.lang.String,java.lang.String)[pri:0, instance:tests.RegistrationTestDtPvd@2ea41516]" started-at="2022-08-11T16:23:00 EDT" name="flightReg" data-provider="dp" finished-at="2022-08-11T16:23:05 EDT" duration-ms="5297" status="PASS">
          <params>
            <param index="0">
              <value>
                <![CDATA[pranati1]]>
              </value>
            </param>
            <param index="1">
              <value>
                <![CDATA[kumar1]]>
              </value>
            </param>
            <param index="2">
              <value>
                <![CDATA[111-222-4444]]>
              </value>
            </param>
            <param index="3">
              <value>
                <![CDATA[pranati@gmail.com]]>
              </value>
            </param>
            <param index="4">
              <value>
                <![CDATA[nizampet]]>
              </value>
            </param>
            <param index="5">
              <value>
                <![CDATA[new city]]>
              </value>
            </param>
            <param index="6">
              <value>
                <![CDATA[Ap]]>
              </value>
            </param>
            <param index="7">
              <value>
                <![CDATA[67789]]>
              </value>
            </param>
            <param index="8">
              <value>
                <![CDATA[UNITED STATES]]>
              </value>
            </param>
            <param index="9">
              <value>
                <![CDATA[pranati1]]>
              </value>
            </param>
            <param index="10">
              <value>
                <![CDATA[pranati1]]>
              </value>
            </param>
            <param index="11">
              <value>
                <![CDATA[pranati1]]>
              </value>
            </param>
          </params>
          <reporter-output>
          </reporter-output>
        </test-method> <!-- flightReg -->
      </class> <!-- tests.RegistrationTestDtPvd -->
    </test> <!-- Default test -->
  </suite> <!-- Default suite -->
</testng-results>
